Using pre-set license
Built from '2020.3/staging' branch; Version is '2020.3.37f1 (8c66806a0c04) revision 9201280'; Using compiler version '192528614'; Build Type 'Release'
OS: 'Windows 11  (10.0.26200) 64bit Core' Language: 'en' Physical Memory: 16026 MB
BatchMode: 1, IsHumanControllingUs: 0, StartBugReporterOnCrash: 0, Is64bit: 1, IsPro: 0

COMMAND LINE ARGUMENTS:
C:\Program Files\Unity\Hub\Editor\2020.3.37f1\Editor\Unity.exe
-adb2
-batchMode
-noUpm
-name
AssetImportWorker0
-projectPath
C:/Users/lored/Documents/Blackjack/VirtualBlackjack
-logFile
Logs/AssetImportWorker0.log
-srvPort
64384
Successfully changed project path to: C:/Users/lored/Documents/Blackjack/VirtualBlackjack
C:/Users/lored/Documents/Blackjack/VirtualBlackjack
Using Asset Import Pipeline V2.
Refreshing native plugins compatible for Editor in 97.11 ms, found 2 plugins.
Preloading 0 native plugins for Editor in 0.00 ms.
Initialize engine version: 2020.3.37f1 (8c66806a0c04)
[Subsystems] Discovering subsystems at path C:/Program Files/Unity/Hub/Editor/2020.3.37f1/Editor/Data/Resources/UnitySubsystems
[Subsystems] Discovering subsystems at path C:/Users/lored/Documents/Blackjack/VirtualBlackjack/Assets
GfxDevice: creating device client; threaded=0
Direct3D:
    Version:  Direct3D 11.0 [level 11.1]
    Renderer: Intel(R) Iris(R) Xe Graphics (ID=0x9a49)
    Vendor:   
    VRAM:     8013 MB
    Driver:   31.0.101.5186
Initialize mono
Mono path[0] = 'C:/Program Files/Unity/Hub/Editor/2020.3.37f1/Editor/Data/Managed'
Mono path[1] = 'C:/Program Files/Unity/Hub/Editor/2020.3.37f1/Editor/Data/MonoBleedingEdge/lib/mono/unityjit'
Mono config path = 'C:/Program Files/Unity/Hub/Editor/2020.3.37f1/Editor/Data/MonoBleedingEdge/etc'
Using monoOptions --debugger-agent=transport=dt_socket,embedding=1,server=y,suspend=n,address=127.0.0.1:56896
Begin MonoManager ReloadAssembly
Registering precompiled unity dll's ...
Register platform support module: C:/Program Files/Unity/Hub/Editor/2020.3.37f1/Editor/Data/PlaybackEngines/WindowsStandaloneSupport/UnityEditor.WindowsStandalone.Extensions.dll
Registered in 0.003932 seconds.
Native extension for WindowsStandalone target not found
Refreshing native plugins compatible for Editor in 70.20 ms, found 2 plugins.
Preloading 0 native plugins for Editor in 0.00 ms.
Mono: successfully reloaded assembly
- Completed reload, in  0.781 seconds
Domain Reload Profiling:
	ReloadAssembly (781ms)
		BeginReloadAssembly (90ms)
			ExecutionOrderSort (0ms)
			DisableScriptedObjects (0ms)
			BackupInstance (0ms)
			ReleaseScriptingObjects (0ms)
			CreateAndSetChildDomain (1ms)
		EndReloadAssembly (589ms)
			LoadAssemblies (86ms)
			RebuildTransferFunctionScriptingTraits (0ms)
			SetupTypeCache (207ms)
			ReleaseScriptCaches (0ms)
			RebuildScriptCaches (33ms)
			SetupLoadedEditorAssemblies (216ms)
				LogAssemblyErrors (0ms)
				InitializePlatformSupportModulesInManaged (4ms)
				SetLoadedEditorAssemblies (0ms)
				RefreshPlugins (70ms)
				BeforeProcessingInitializeOnLoad (13ms)
				ProcessInitializeOnLoadAttributes (91ms)
				ProcessInitializeOnLoadMethodAttributes (37ms)
				AfterProcessingInitializeOnLoad (0ms)
				EditorAssembliesLoaded (0ms)
			ExecutionOrderSort2 (0ms)
			AwakeInstancesAfterBackupRestoration (0ms)
Platform modules already initialized, skipping
Registering precompiled user dll's ...
Registered in 0.007655 seconds.
Begin MonoManager ReloadAssembly
Native extension for WindowsStandalone target not found
Refreshing native plugins compatible for Editor in 63.04 ms, found 2 plugins.
Preloading 0 native plugins for Editor in 0.00 ms.
Mono: successfully reloaded assembly
- Completed reload, in  1.361 seconds
Domain Reload Profiling:
	ReloadAssembly (1361ms)
		BeginReloadAssembly (174ms)
			ExecutionOrderSort (0ms)
			DisableScriptedObjects (5ms)
			BackupInstance (0ms)
			ReleaseScriptingObjects (0ms)
			CreateAndSetChildDomain (20ms)
		EndReloadAssembly (1113ms)
			LoadAssemblies (130ms)
			RebuildTransferFunctionScriptingTraits (0ms)
			SetupTypeCache (372ms)
			ReleaseScriptCaches (0ms)
			RebuildScriptCaches (55ms)
			SetupLoadedEditorAssemblies (449ms)
				LogAssemblyErrors (0ms)
				InitializePlatformSupportModulesInManaged (3ms)
				SetLoadedEditorAssemblies (0ms)
				RefreshPlugins (63ms)
				BeforeProcessingInitializeOnLoad (102ms)
				ProcessInitializeOnLoadAttributes (251ms)
				ProcessInitializeOnLoadMethodAttributes (18ms)
				AfterProcessingInitializeOnLoad (10ms)
				EditorAssembliesLoaded (0ms)
			ExecutionOrderSort2 (0ms)
			AwakeInstancesAfterBackupRestoration (2ms)
Platform modules already initialized, skipping
========================================================================
Worker process is ready to serve import requests
Launched and connected shader compiler UnityShaderCompiler.exe after 0.07 seconds
Refreshing native plugins compatible for Editor in 0.59 ms, found 2 plugins.
Preloading 0 native plugins for Editor in 0.00 ms.
Unloading 2659 Unused Serialized files (Serialized files now loaded: 0)
System memory in use before: 116.3 MB.
System memory in use after: 116.5 MB.

Unloading 21 unused Assets to reduce memory usage. Loaded Objects now: 3100.
Total: 3.587500 ms (FindLiveObjects: 0.178300 ms CreateObjectMapping: 0.078500 ms MarkObjects: 3.244600 ms  DeleteObjects: 0.084400 ms)

AssetImportParameters requested are different than current active one (requested -> active):
  custom:framework-win-MediaFoundation: 216162199b28c13a410421893ffa2e32 -> 
  custom:video-decoder-ogg-theora: a1e56fd34408186e4bbccfd4996cb3dc -> 
  custom:container-muxer-webm: aa71ff27fc2769a1b78a27578f13a17b -> 
  custom:container-demuxer-webm: 4f35f7cbe854078d1ac9338744f61a02 -> 
  custom:container-demuxer-ogg: 62fdf1f143b41e24485cea50d1cbac27 -> 
  custom:video-encoder-webm-vp8: eb34c28f22e8b96e1ab97ce403110664 -> 
  custom:video-decoder-webm-vp8: 9c59270c3fd7afecdb556c50c9e8de78 -> 
  custom:audio-decoder-ogg-vorbis: bf7c407c2cedff20999df2af8eb42d56 -> 
  custom:audio-encoder-webm-vorbis: bf7c407c2cedff20999df2af8eb42d56 -> 
========================================================================
Received Import Request.
  path: Assets/Scripts
  artifactKey: Guid(42003b6c0fe4a174da6180d643990661) Importer(815301076,1909f56bfc062723c751e8b465ee728b)
Start importing Assets/Scripts using Guid(42003b6c0fe4a174da6180d643990661) Importer(815301076,1909f56bfc062723c751e8b465ee728b)  -> (artifact id: '2e0f3a4e5957106a8982f5aaa364072e') in 0.021834 seconds 
========================================================================
Received Import Request.
  Time since last request: 10.434167 seconds.
  path: Assets/Scripts/Scripts_
  artifactKey: Guid(f4dac38232513de4cbcbfa858fb9cef8) Importer(815301076,1909f56bfc062723c751e8b465ee728b)
Start importing Assets/Scripts/Scripts_ using Guid(f4dac38232513de4cbcbfa858fb9cef8) Importer(815301076,1909f56bfc062723c751e8b465ee728b)  -> (artifact id: 'b33f11ff8c7de913439a631009cd61cd') in 0.013168 seconds 
========================================================================
Received Import Request.
  Time since last request: 8.276397 seconds.
  path: Assets/AudioManager.cs
  artifactKey: Guid(48d3bc836cb6adf4197e59a6fe7aafc1) Importer(815301076,1909f56bfc062723c751e8b465ee728b)
Start importing Assets/AudioManager.cs using Guid(48d3bc836cb6adf4197e59a6fe7aafc1) Importer(815301076,1909f56bfc062723c751e8b465ee728b)  -> (artifact id: 'c34f583b6760c41fef561198005833a5') in 0.083870 seconds 
========================================================================
Received Import Request.
  Time since last request: 8.857680 seconds.
  path: Assets/Scripts/EffectsManager.cs
  artifactKey: Guid(2c877dc335ba91e4e82e63baaba1e777) Importer(815301076,1909f56bfc062723c751e8b465ee728b)
Start importing Assets/Scripts/EffectsManager.cs using Guid(2c877dc335ba91e4e82e63baaba1e777) Importer(815301076,1909f56bfc062723c751e8b465ee728b)  -> (artifact id: '8b124ff104bf97db36c7113046f6966e') in 0.015043 seconds 
========================================================================
Received Import Request.
  Time since last request: 2.136760 seconds.
  path: Assets/Scripts/CardVisual.cs
  artifactKey: Guid(66d8adf321f57324c83fc6942b48f077) Importer(815301076,1909f56bfc062723c751e8b465ee728b)
Start importing Assets/Scripts/CardVisual.cs using Guid(66d8adf321f57324c83fc6942b48f077) Importer(815301076,1909f56bfc062723c751e8b465ee728b)  -> (artifact id: 'bbf117e7c36c3c7bb5edd158c9ed9b9a') in 0.016300 seconds 
========================================================================
Received Import Request.
  Time since last request: 0.635440 seconds.
  path: Assets/Scripts/CardLayoutManager.cs
  artifactKey: Guid(7089b2696f4571443bb48fbb33f96eff) Importer(815301076,1909f56bfc062723c751e8b465ee728b)
Start importing Assets/Scripts/CardLayoutManager.cs using Guid(7089b2696f4571443bb48fbb33f96eff) Importer(815301076,1909f56bfc062723c751e8b465ee728b)  -> (artifact id: '4abad4b6a7f0d95a80dc7f3d424d3ea0') in 0.027814 seconds 
========================================================================
Received Import Request.
  Time since last request: 0.684780 seconds.
  path: Assets/Scripts/BlackjackUI.cs
  artifactKey: Guid(5be74c9d5ed488041b326860dae3381a) Importer(815301076,1909f56bfc062723c751e8b465ee728b)
Start importing Assets/Scripts/BlackjackUI.cs using Guid(5be74c9d5ed488041b326860dae3381a) Importer(815301076,1909f56bfc062723c751e8b465ee728b)  -> (artifact id: '433284b8442910f1ea349c28d770cfcd') in 0.018473 seconds 
========================================================================
Received Import Request.
  Time since last request: 0.610471 seconds.
  path: Assets/Scripts/BlackjackHand.cs
  artifactKey: Guid(18f5ae4b5387571458b67e9f63d67214) Importer(815301076,1909f56bfc062723c751e8b465ee728b)
Start importing Assets/Scripts/BlackjackHand.cs using Guid(18f5ae4b5387571458b67e9f63d67214) Importer(815301076,1909f56bfc062723c751e8b465ee728b)  -> (artifact id: '17e595402b59c02ea87a4846667286e0') in 0.013991 seconds 
========================================================================
Received Import Request.
  Time since last request: 119.959773 seconds.
  path: Assets/BlackjackGameManager.cs
  artifactKey: Guid(1b143801d65140740a0700826f96c82b) Importer(815301076,1909f56bfc062723c751e8b465ee728b)
Start importing Assets/BlackjackGameManager.cs using Guid(1b143801d65140740a0700826f96c82b) Importer(815301076,1909f56bfc062723c751e8b465ee728b)  -> (artifact id: '119db7a4498d5bee1511f700d3e8d77c') in 0.020365 seconds 
========================================================================
Received Import Request.
  Time since last request: 13.732938 seconds.
  path: Assets/Scripts/Scripts_/Actions
  artifactKey: Guid(b7bcca2a7b6902f4a87db4a2f800b5ce) Importer(815301076,1909f56bfc062723c751e8b465ee728b)
Start importing Assets/Scripts/Scripts_/Actions using Guid(b7bcca2a7b6902f4a87db4a2f800b5ce) Importer(815301076,1909f56bfc062723c751e8b465ee728b)  -> (artifact id: '71bbc8fab7cc421447b5880b8c584956') in 0.012591 seconds 
========================================================================
Received Prepare
Registering precompiled user dll's ...
Registered in 0.011169 seconds.
Begin MonoManager ReloadAssembly
Native extension for WindowsStandalone target not found
Refreshing native plugins compatible for Editor in 0.57 ms, found 2 plugins.
Preloading 0 native plugins for Editor in 0.00 ms.
Mono: successfully reloaded assembly
- Completed reload, in  1.426 seconds
Domain Reload Profiling:
	ReloadAssembly (1427ms)
		BeginReloadAssembly (220ms)
			ExecutionOrderSort (0ms)
			DisableScriptedObjects (8ms)
			BackupInstance (0ms)
			ReleaseScriptingObjects (0ms)
			CreateAndSetChildDomain (53ms)
		EndReloadAssembly (1077ms)
			LoadAssemblies (203ms)
			RebuildTransferFunctionScriptingTraits (0ms)
			SetupTypeCache (388ms)
			ReleaseScriptCaches (1ms)
			RebuildScriptCaches (46ms)
			SetupLoadedEditorAssemblies (389ms)
				LogAssemblyErrors (0ms)
				InitializePlatformSupportModulesInManaged (4ms)
				SetLoadedEditorAssemblies (1ms)
				RefreshPlugins (1ms)
				BeforeProcessingInitializeOnLoad (109ms)
				ProcessInitializeOnLoadAttributes (245ms)
				ProcessInitializeOnLoadMethodAttributes (18ms)
				AfterProcessingInitializeOnLoad (12ms)
				EditorAssembliesLoaded (0ms)
			ExecutionOrderSort2 (0ms)
			AwakeInstancesAfterBackupRestoration (2ms)
Platform modules already initialized, skipping
Refreshing native plugins compatible for Editor in 0.61 ms, found 2 plugins.
Preloading 0 native plugins for Editor in 0.00 ms.
Unloading 2643 Unused Serialized files (Serialized files now loaded: 0)
System memory in use before: 116.2 MB.
System memory in use after: 116.4 MB.

Unloading 24 unused Assets to reduce memory usage. Loaded Objects now: 3094.
Total: 3.147200 ms (FindLiveObjects: 0.175600 ms CreateObjectMapping: 0.079800 ms MarkObjects: 2.853600 ms  DeleteObjects: 0.036900 ms)

AssetImportParameters requested are different than current active one (requested -> active):
  custom:framework-win-MediaFoundation: 216162199b28c13a410421893ffa2e32 -> 
  custom:video-decoder-ogg-theora: a1e56fd34408186e4bbccfd4996cb3dc -> 
  custom:container-muxer-webm: aa71ff27fc2769a1b78a27578f13a17b -> 
  custom:container-demuxer-webm: 4f35f7cbe854078d1ac9338744f61a02 -> 
  custom:container-demuxer-ogg: 62fdf1f143b41e24485cea50d1cbac27 -> 
  custom:video-encoder-webm-vp8: eb34c28f22e8b96e1ab97ce403110664 -> 
  custom:video-decoder-webm-vp8: 9c59270c3fd7afecdb556c50c9e8de78 -> 
  custom:audio-decoder-ogg-vorbis: bf7c407c2cedff20999df2af8eb42d56 -> 
  custom:audio-encoder-webm-vorbis: bf7c407c2cedff20999df2af8eb42d56 -> 
========================================================================
Received Import Request.
  Time since last request: 220.501733 seconds.
  path: Assets/Scripts/EconomySystem.cs
  artifactKey: Guid(028686427d8a12547955784bcea04904) Importer(815301076,1909f56bfc062723c751e8b465ee728b)
Start importing Assets/Scripts/EconomySystem.cs using Guid(028686427d8a12547955784bcea04904) Importer(815301076,1909f56bfc062723c751e8b465ee728b)  -> (artifact id: 'df9de8348609b32c8efde85170ddbc44') in 0.026531 seconds 
========================================================================
Received Import Request.
  Time since last request: 28.540297 seconds.
  path: Assets/Scripts/EconomySystem.cs
  artifactKey: Guid(028686427d8a12547955784bcea04904) Importer(815301076,1909f56bfc062723c751e8b465ee728b)
Start importing Assets/Scripts/EconomySystem.cs using Guid(028686427d8a12547955784bcea04904) Importer(815301076,1909f56bfc062723c751e8b465ee728b)  -> (artifact id: 'e8676fd7944c3773cde114e2ebee1947') in 0.010288 seconds 
========================================================================
Received Import Request.
  Time since last request: 23.843455 seconds.
  path: Assets/Scripts/BlackjackCard.cs
  artifactKey: Guid(396f3b1f26a2b7b4090099e9ccd3a6c6) Importer(815301076,1909f56bfc062723c751e8b465ee728b)
Start importing Assets/Scripts/BlackjackCard.cs using Guid(396f3b1f26a2b7b4090099e9ccd3a6c6) Importer(815301076,1909f56bfc062723c751e8b465ee728b)  -> (artifact id: 'e5d262494aa0f80ac8331a9c91fa462e') in 0.032452 seconds 
========================================================================
Received Import Request.
  Time since last request: 32.422493 seconds.
  path: Assets/Scripts/BlackjackHand.cs
  artifactKey: Guid(18f5ae4b5387571458b67e9f63d67214) Importer(815301076,1909f56bfc062723c751e8b465ee728b)
Start importing Assets/Scripts/BlackjackHand.cs using Guid(18f5ae4b5387571458b67e9f63d67214) Importer(815301076,1909f56bfc062723c751e8b465ee728b)  -> (artifact id: 'd57921761d166a87f8912aadd58389ad') in 0.009864 seconds 
========================================================================
Received Import Request.
  Time since last request: 14.809735 seconds.
  path: Assets/Scripts/BlackjackDeck.cs
  artifactKey: Guid(71e60a1b823cfde4aa378f9328905ab1) Importer(815301076,1909f56bfc062723c751e8b465ee728b)
Start importing Assets/Scripts/BlackjackDeck.cs using Guid(71e60a1b823cfde4aa378f9328905ab1) Importer(815301076,1909f56bfc062723c751e8b465ee728b)  -> (artifact id: '80d13c8e3bc9250786e8c8b092505f25') in 0.057132 seconds 
========================================================================
Received Import Request.
  Time since last request: 22.755519 seconds.
  path: Assets/Scripts/BlackjackUI.cs
  artifactKey: Guid(5be74c9d5ed488041b326860dae3381a) Importer(815301076,1909f56bfc062723c751e8b465ee728b)
Start importing Assets/Scripts/BlackjackUI.cs using Guid(5be74c9d5ed488041b326860dae3381a) Importer(815301076,1909f56bfc062723c751e8b465ee728b)  -> (artifact id: 'b45db5ae14591314af8ff4760e655975') in 0.017871 seconds 
========================================================================
Received Import Request.
  Time since last request: 21.713989 seconds.
  path: Assets/Scripts/CardLayoutManager.cs
  artifactKey: Guid(7089b2696f4571443bb48fbb33f96eff) Importer(815301076,1909f56bfc062723c751e8b465ee728b)
Start importing Assets/Scripts/CardLayoutManager.cs using Guid(7089b2696f4571443bb48fbb33f96eff) Importer(815301076,1909f56bfc062723c751e8b465ee728b)  -> (artifact id: '33d66a7dc06c541b2c2141c925f03639') in 0.745071 seconds 
========================================================================
Received Prepare
Registering precompiled user dll's ...
Registered in 0.006936 seconds.
Begin MonoManager ReloadAssembly
Native extension for WindowsStandalone target not found
Refreshing native plugins compatible for Editor in 1.03 ms, found 2 plugins.
Preloading 0 native plugins for Editor in 0.00 ms.
Mono: successfully reloaded assembly
- Completed reload, in  6.510 seconds
Domain Reload Profiling:
	ReloadAssembly (6512ms)
		BeginReloadAssembly (788ms)
			ExecutionOrderSort (0ms)
			DisableScriptedObjects (13ms)
			BackupInstance (0ms)
			ReleaseScriptingObjects (0ms)
			CreateAndSetChildDomain (214ms)
		EndReloadAssembly (5496ms)
			LoadAssemblies (2105ms)
			RebuildTransferFunctionScriptingTraits (0ms)
			SetupTypeCache (2050ms)
			ReleaseScriptCaches (2ms)
			RebuildScriptCaches (110ms)
			SetupLoadedEditorAssemblies (1037ms)
				LogAssemblyErrors (0ms)
				InitializePlatformSupportModulesInManaged (10ms)
				SetLoadedEditorAssemblies (1ms)
				RefreshPlugins (1ms)
				BeforeProcessingInitializeOnLoad (261ms)
				ProcessInitializeOnLoadAttributes (685ms)
				ProcessInitializeOnLoadMethodAttributes (54ms)
				AfterProcessingInitializeOnLoad (24ms)
				EditorAssembliesLoaded (0ms)
			ExecutionOrderSort2 (0ms)
			AwakeInstancesAfterBackupRestoration (4ms)
Platform modules already initialized, skipping
Refreshing native plugins compatible for Editor in 0.97 ms, found 2 plugins.
Preloading 0 native plugins for Editor in 0.00 ms.
Unloading 2644 Unused Serialized files (Serialized files now loaded: 0)
System memory in use before: 116.3 MB.
System memory in use after: 116.5 MB.

Unloading 14 unused Assets to reduce memory usage. Loaded Objects now: 3099.
Total: 5.204100 ms (FindLiveObjects: 0.197200 ms CreateObjectMapping: 0.086500 ms MarkObjects: 4.865100 ms  DeleteObjects: 0.053500 ms)

AssetImportParameters requested are different than current active one (requested -> active):
  custom:framework-win-MediaFoundation: 216162199b28c13a410421893ffa2e32 -> 
  custom:video-decoder-ogg-theora: a1e56fd34408186e4bbccfd4996cb3dc -> 
  custom:container-muxer-webm: aa71ff27fc2769a1b78a27578f13a17b -> 
  custom:container-demuxer-webm: 4f35f7cbe854078d1ac9338744f61a02 -> 
  custom:container-demuxer-ogg: 62fdf1f143b41e24485cea50d1cbac27 -> 
  custom:video-encoder-webm-vp8: eb34c28f22e8b96e1ab97ce403110664 -> 
  custom:video-decoder-webm-vp8: 9c59270c3fd7afecdb556c50c9e8de78 -> 
  custom:audio-decoder-ogg-vorbis: bf7c407c2cedff20999df2af8eb42d56 -> 
  custom:audio-encoder-webm-vorbis: bf7c407c2cedff20999df2af8eb42d56 -> 
========================================================================
Received Import Request.
  Time since last request: 52.519372 seconds.
  path: Assets/Scripts/CardVisual.cs
  artifactKey: Guid(66d8adf321f57324c83fc6942b48f077) Importer(815301076,1909f56bfc062723c751e8b465ee728b)
Start importing Assets/Scripts/CardVisual.cs using Guid(66d8adf321f57324c83fc6942b48f077) Importer(815301076,1909f56bfc062723c751e8b465ee728b)  -> (artifact id: '435871bf4885e8a37fb8977ed054300c') in 0.030415 seconds 
========================================================================
Received Prepare
Registering precompiled user dll's ...
Registered in 0.008924 seconds.
Begin MonoManager ReloadAssembly
Native extension for WindowsStandalone target not found
Refreshing native plugins compatible for Editor in 0.82 ms, found 2 plugins.
Preloading 0 native plugins for Editor in 0.00 ms.
Mono: successfully reloaded assembly
- Completed reload, in  1.850 seconds
Domain Reload Profiling:
	ReloadAssembly (1851ms)
		BeginReloadAssembly (239ms)
			ExecutionOrderSort (0ms)
			DisableScriptedObjects (11ms)
			BackupInstance (0ms)
			ReleaseScriptingObjects (0ms)
			CreateAndSetChildDomain (52ms)
		EndReloadAssembly (1489ms)
			LoadAssemblies (226ms)
			RebuildTransferFunctionScriptingTraits (0ms)
			SetupTypeCache (637ms)
			ReleaseScriptCaches (2ms)
			RebuildScriptCaches (69ms)
			SetupLoadedEditorAssemblies (464ms)
				LogAssemblyErrors (0ms)
				InitializePlatformSupportModulesInManaged (5ms)
				SetLoadedEditorAssemblies (1ms)
				RefreshPlugins (1ms)
				BeforeProcessingInitializeOnLoad (135ms)
				ProcessInitializeOnLoadAttributes (288ms)
				ProcessInitializeOnLoadMethodAttributes (20ms)
				AfterProcessingInitializeOnLoad (13ms)
				EditorAssembliesLoaded (0ms)
			ExecutionOrderSort2 (0ms)
			AwakeInstancesAfterBackupRestoration (3ms)
Platform modules already initialized, skipping
Refreshing native plugins compatible for Editor in 0.66 ms, found 2 plugins.
Preloading 0 native plugins for Editor in 0.00 ms.
Unloading 2644 Unused Serialized files (Serialized files now loaded: 0)
System memory in use before: 116.3 MB.
System memory in use after: 116.5 MB.

Unloading 14 unused Assets to reduce memory usage. Loaded Objects now: 3103.
Total: 6.808000 ms (FindLiveObjects: 0.621600 ms CreateObjectMapping: 0.384900 ms MarkObjects: 5.747900 ms  DeleteObjects: 0.050700 ms)

AssetImportParameters requested are different than current active one (requested -> active):
  custom:framework-win-MediaFoundation: 216162199b28c13a410421893ffa2e32 -> 
  custom:video-decoder-ogg-theora: a1e56fd34408186e4bbccfd4996cb3dc -> 
  custom:container-muxer-webm: aa71ff27fc2769a1b78a27578f13a17b -> 
  custom:container-demuxer-webm: 4f35f7cbe854078d1ac9338744f61a02 -> 
  custom:container-demuxer-ogg: 62fdf1f143b41e24485cea50d1cbac27 -> 
  custom:video-encoder-webm-vp8: eb34c28f22e8b96e1ab97ce403110664 -> 
  custom:video-decoder-webm-vp8: 9c59270c3fd7afecdb556c50c9e8de78 -> 
  custom:audio-decoder-ogg-vorbis: bf7c407c2cedff20999df2af8eb42d56 -> 
  custom:audio-encoder-webm-vorbis: bf7c407c2cedff20999df2af8eb42d56 -> 
========================================================================
Received Import Request.
  Time since last request: 21.227197 seconds.
  path: Assets/Scripts/VRBetChip.cs
  artifactKey: Guid(0950e632d0d78c14a853863bc203b2c1) Importer(815301076,1909f56bfc062723c751e8b465ee728b)
Start importing Assets/Scripts/VRBetChip.cs using Guid(0950e632d0d78c14a853863bc203b2c1) Importer(815301076,1909f56bfc062723c751e8b465ee728b)  -> (artifact id: 'a4414ed8b917f14e77f73d3400a88872') in 0.028002 seconds 
========================================================================
Received Import Request.
  Time since last request: 1643.391291 seconds.
  path: Assets/Chips/Red
  artifactKey: Guid(673588a329c0ffe4ba0b47a31fe590d7) Importer(815301076,1909f56bfc062723c751e8b465ee728b)
Start importing Assets/Chips/Red using Guid(673588a329c0ffe4ba0b47a31fe590d7) Importer(815301076,1909f56bfc062723c751e8b465ee728b)  -> (artifact id: 'e7b3c2e17c297c1d868beaa260a71715') in 0.022758 seconds 
========================================================================
Received Import Request.
  Time since last request: 3.178796 seconds.
  path: Assets/Chips/Red/Prefab
  artifactKey: Guid(7760940479b39734aaf8ce14bd30b808) Importer(815301076,1909f56bfc062723c751e8b465ee728b)
Start importing Assets/Chips/Red/Prefab using Guid(7760940479b39734aaf8ce14bd30b808) Importer(815301076,1909f56bfc062723c751e8b465ee728b)  -> (artifact id: 'e005eb6a227b79faf9c863e2cb5b5980') in 0.015915 seconds 
========================================================================
Received Import Request.
  Time since last request: 27.466725 seconds.
  path: Assets/Chips/Blue/Prefab
  artifactKey: Guid(87d3819d607a81040933dece9db61dec) Importer(815301076,1909f56bfc062723c751e8b465ee728b)
Start importing Assets/Chips/Blue/Prefab using Guid(87d3819d607a81040933dece9db61dec) Importer(815301076,1909f56bfc062723c751e8b465ee728b)  -> (artifact id: '4c63badeb80b284b00ad7afc319455f7') in 0.005660 seconds 
========================================================================
Received Import Request.
  Time since last request: 65.208827 seconds.
  path: Assets/Chips/Gold/Prefab
  artifactKey: Guid(1aba316b55eeeb6438b15ae2a2e647b2) Importer(815301076,1909f56bfc062723c751e8b465ee728b)
Start importing Assets/Chips/Gold/Prefab using Guid(1aba316b55eeeb6438b15ae2a2e647b2) Importer(815301076,1909f56bfc062723c751e8b465ee728b)  -> (artifact id: 'df373e0e39a7eb5eff3144bf79d1c8d8') in 0.007046 seconds 
========================================================================
Received Import Request.
  Time since last request: 22.322182 seconds.
  path: Assets/Chips/Green/Prefab
  artifactKey: Guid(f7921666e6019814180ce28d69562e5f) Importer(815301076,1909f56bfc062723c751e8b465ee728b)
Start importing Assets/Chips/Green/Prefab using Guid(f7921666e6019814180ce28d69562e5f) Importer(815301076,1909f56bfc062723c751e8b465ee728b)  -> (artifact id: '2bbab8e327e379cac1a69df8e3b0f02a') in 0.005757 seconds 
========================================================================
Received Import Request.
  Time since last request: 825.377827 seconds.
  path: Assets/Cards/Cardspng/back.jpg
  artifactKey: Guid(519bd2cef6b9b9c47b86c47b6187b969) Importer(815301076,1909f56bfc062723c751e8b465ee728b)
Start importing Assets/Cards/Cardspng/back.jpg using Guid(519bd2cef6b9b9c47b86c47b6187b969) Importer(815301076,1909f56bfc062723c751e8b465ee728b)  -> (artifact id: '634e76167b15d09ceb0586fcf2428fcd') in 0.155838 seconds 
========================================================================
Received Import Request.
  Time since last request: 332.063804 seconds.
  path: ProjectSettings/TagManager.asset
  artifactKey: Guid(00000000000000003000000000000000) Importer(815301076,1909f56bfc062723c751e8b465ee728b)
Start importing ProjectSettings/TagManager.asset using Guid(00000000000000003000000000000000) Importer(815301076,1909f56bfc062723c751e8b465ee728b)  -> (artifact id: '95df672b4aaba54310d34c83eef51bb8') in 0.032482 seconds 
AssetImportWorkerClient::OnTransportError - code=2 error=End of file
